<?xml version="1.0" encoding="UTF-8"?>
<!-- Generated by org.testng.reporters.JUnitXMLReporter -->
<testsuite hostname="An-comp" ignored="0" name="Surefire test" tests="10" failures="2" timestamp="07 Aug 2019 00:11:26 GMT" time="24.251" errors="0">
  <testcase name="test_Home_Page_Appear_Correct" time="0.36" classname="am.instigatembile.com.TestSignInPage"/>
  <testcase name="testTakeScreenShot" time="0.327" classname="am.instigatembile.com.TestSignUpPage"/>
  <testcase name="test_Page_Title_Correct" time="0.017" classname="am.instigatembile.com.TestSignUpPage"/>
  <testcase name="test_Age_Emptyt" time="0.92" classname="am.instigatembile.com.TestSignUpPage"/>
  <testcase name="test_Age_Is_Firs_Simbol_Check" time="0.666" classname="am.instigatembile.com.TestSignUpPage">
    <failure type="java.lang.StringIndexOutOfBoundsException" message="String index out of range: 0">
      <![CDATA[java.lang.StringIndexOutOfBoundsException: String index out of range: 0
at java.lang.String.charAt(String.java:658)
at am.instigatembile.com.TestSignUpPage.test_Age_Is_Firs_Simbol_Check(TestSignUpPage.java:243)
... Removed 29 stack frames]]>
    </failure>
  </testcase> <!-- test_Age_Is_Firs_Simbol_Check -->
  <testcase name="test_Name_Is_Emptyt" time="0.661" classname="am.instigatembile.com.TestSignUpPage"/>
  <testcase name="test_Name_Is_Firs_Simbol_Check" time="0.6" classname="am.instigatembile.com.TestSignUpPage"/>
  <testcase name="test_Password_Emptyt" time="0.633" classname="am.instigatembile.com.TestSignUpPage"/>
  <testcase name="test_SurName_Is_Emptyt" time="0.556" classname="am.instigatembile.com.TestSignUpPage"/>
  <testcase name="test_SurName_Is_Firs_Simbol_Check" time="0.639" classname="am.instigatembile.com.TestSignUpPage">
    <failure type="java.lang.AssertionError" message="expected [true] but found [false]">
      <![CDATA[java.lang.AssertionError: expected [true] but found [false]
at am.instigatembile.com.TestSignUpPage.test_SurName_Is_Firs_Simbol_Check(TestSignUpPage.java:216)
... Removed 33 stack frames]]>
    </failure>
  </testcase> <!-- test_SurName_Is_Firs_Simbol_Check -->
</testsuite> <!-- Surefire test -->
