<?xml version="1.0" encoding="UTF-8"?>
<testng-results skipped="0" failed="2" ignored="0" total="10" passed="8">
  <reporter-output>
  </reporter-output>
  <suite name="Surefire suite" duration-ms="24251" started-at="2019-08-07T00:11:02Z" finished-at="2019-08-07T00:11:26Z">
    <groups>
    </groups>
    <test name="Surefire test" duration-ms="24251" started-at="2019-08-07T00:11:02Z" finished-at="2019-08-07T00:11:26Z">
      <class name="am.instigatembile.com.TestSignUpPage">
        <test-method status="PASS" signature="testTakeScreenShot()[pri:0, instance:am.instigatembile.com.TestSignUpPage@5fc7f7]" name="testTakeScreenShot" duration-ms="327" started-at="2019-08-07T00:11:17Z" finished-at="2019-08-07T00:11:17Z">
          <reporter-output>
          </reporter-output>
        </test-method> <!-- testTakeScreenShot -->
        <test-method status="PASS" signature="test_Page_Title_Correct()[pri:0, instance:am.instigatembile.com.TestSignUpPage@5fc7f7]" name="test_Page_Title_Correct" duration-ms="17" started-at="2019-08-07T00:11:17Z" finished-at="2019-08-07T00:11:17Z">
          <reporter-output>
          </reporter-output>
        </test-method> <!-- test_Page_Title_Correct -->
        <test-method status="PASS" signature="test_Age_Emptyt()[pri:1, instance:am.instigatembile.com.TestSignUpPage@5fc7f7]" name="test_Age_Emptyt" duration-ms="920" started-at="2019-08-07T00:11:17Z" finished-at="2019-08-07T00:11:18Z">
          <reporter-output>
          </reporter-output>
        </test-method> <!-- test_Age_Emptyt -->
        <test-method status="FAIL" signature="test_Age_Is_Firs_Simbol_Check()[pri:1, instance:am.instigatembile.com.TestSignUpPage@5fc7f7]" name="test_Age_Is_Firs_Simbol_Check" duration-ms="666" started-at="2019-08-07T00:11:18Z" finished-at="2019-08-07T00:11:18Z">
          <exception class="java.lang.StringIndexOutOfBoundsException">
            <message>
              <![CDATA[String index out of range: 0]]>
            </message>
            <full-stacktrace>
              <![CDATA[java.lang.StringIndexOutOfBoundsException: String index out of range: 0
at java.lang.String.charAt(String.java:658)
at am.instigatembile.com.TestSignUpPage.test_Age_Is_Firs_Simbol_Check(TestSignUpPage.java:243)
at sun.reflect.NativeMethodAccessorImpl.invoke0(Native Method)
at sun.reflect.NativeMethodAccessorImpl.invoke(NativeMethodAccessorImpl.java:62)
at sun.reflect.DelegatingMethodAccessorImpl.invoke(DelegatingMethodAccessorImpl.java:43)
at java.lang.reflect.Method.invoke(Method.java:498)
at org.testng.internal.MethodInvocationHelper.invokeMethod(MethodInvocationHelper.java:124)
at org.testng.internal.Invoker.invokeMethod(Invoker.java:583)
at org.testng.internal.Invoker.invokeTestMethod(Invoker.java:719)
at org.testng.internal.Invoker.invokeTestMethods(Invoker.java:989)
at org.testng.internal.TestMethodWorker.invokeTestMethods(TestMethodWorker.java:125)
at org.testng.internal.TestMethodWorker.run(TestMethodWorker.java:109)
at org.testng.TestRunner.privateRun(TestRunner.java:648)
at org.testng.TestRunner.run(TestRunner.java:505)
at org.testng.SuiteRunner.runTest(SuiteRunner.java:455)
at org.testng.SuiteRunner.runSequentially(SuiteRunner.java:450)
at org.testng.SuiteRunner.privateRun(SuiteRunner.java:415)
at org.testng.SuiteRunner.run(SuiteRunner.java:364)
at org.testng.SuiteRunnerWorker.runSuite(SuiteRunnerWorker.java:52)
at org.testng.SuiteRunnerWorker.run(SuiteRunnerWorker.java:84)
at org.testng.TestNG.runSuitesSequentially(TestNG.java:1208)
at org.testng.TestNG.runSuitesLocally(TestNG.java:1137)
at org.testng.TestNG.runSuites(TestNG.java:1049)
at org.testng.TestNG.run(TestNG.java:1017)
at org.apache.maven.surefire.testng.TestNGExecutor.run(TestNGExecutor.java:115)
at org.apache.maven.surefire.testng.TestNGDirectoryTestSuite.executeMulti(TestNGDirectoryTestSuite.java:204)
at org.apache.maven.surefire.testng.TestNGDirectoryTestSuite.execute(TestNGDirectoryTestSuite.java:107)
at org.apache.maven.surefire.testng.TestNGProvider.invoke(TestNGProvider.java:112)
at org.apache.maven.surefire.booter.ForkedBooter.invokeProviderInSameClassLoader(ForkedBooter.java:200)
at org.apache.maven.surefire.booter.ForkedBooter.runSuitesInProcess(ForkedBooter.java:153)
at org.apache.maven.surefire.booter.ForkedBooter.main(ForkedBooter.java:103)
]]>
            </full-stacktrace>
          </exception> <!-- java.lang.StringIndexOutOfBoundsException -->
          <reporter-output>
          </reporter-output>
        </test-method> <!-- test_Age_Is_Firs_Simbol_Check -->
        <test-method status="PASS" signature="test_Name_Is_Emptyt()[pri:1, instance:am.instigatembile.com.TestSignUpPage@5fc7f7]" name="test_Name_Is_Emptyt" duration-ms="661" started-at="2019-08-07T00:11:19Z" finished-at="2019-08-07T00:11:19Z">
          <reporter-output>
          </reporter-output>
        </test-method> <!-- test_Name_Is_Emptyt -->
        <test-method status="PASS" signature="test_Name_Is_Firs_Simbol_Check()[pri:1, instance:am.instigatembile.com.TestSignUpPage@5fc7f7]" name="test_Name_Is_Firs_Simbol_Check" duration-ms="600" started-at="2019-08-07T00:11:19Z" finished-at="2019-08-07T00:11:20Z">
          <reporter-output>
          </reporter-output>
        </test-method> <!-- test_Name_Is_Firs_Simbol_Check -->
        <test-method status="PASS" signature="test_Password_Emptyt()[pri:1, instance:am.instigatembile.com.TestSignUpPage@5fc7f7]" name="test_Password_Emptyt" duration-ms="633" started-at="2019-08-07T00:11:20Z" finished-at="2019-08-07T00:11:20Z">
          <reporter-output>
          </reporter-output>
        </test-method> <!-- test_Password_Emptyt -->
        <test-method status="PASS" signature="test_SurName_Is_Emptyt()[pri:1, instance:am.instigatembile.com.TestSignUpPage@5fc7f7]" name="test_SurName_Is_Emptyt" duration-ms="556" started-at="2019-08-07T00:11:20Z" finished-at="2019-08-07T00:11:21Z">
          <reporter-output>
          </reporter-output>
        </test-method> <!-- test_SurName_Is_Emptyt -->
        <test-method status="FAIL" signature="test_SurName_Is_Firs_Simbol_Check()[pri:1, instance:am.instigatembile.com.TestSignUpPage@5fc7f7]" name="test_SurName_Is_Firs_Simbol_Check" duration-ms="639" started-at="2019-08-07T00:11:21Z" finished-at="2019-08-07T00:11:22Z">
          <exception class="java.lang.AssertionError">
            <message>
              <![CDATA[expected [true] but found [false]]]>
            </message>
            <full-stacktrace>
              <![CDATA[java.lang.AssertionError: expected [true] but found [false]
at org.testng.Assert.fail(Assert.java:96)
at org.testng.Assert.failNotEquals(Assert.java:776)
at org.testng.Assert.assertTrue(Assert.java:44)
at org.testng.Assert.assertTrue(Assert.java:54)
at am.instigatembile.com.TestSignUpPage.test_SurName_Is_Firs_Simbol_Check(TestSignUpPage.java:216)
at sun.reflect.NativeMethodAccessorImpl.invoke0(Native Method)
at sun.reflect.NativeMethodAccessorImpl.invoke(NativeMethodAccessorImpl.java:62)
at sun.reflect.DelegatingMethodAccessorImpl.invoke(DelegatingMethodAccessorImpl.java:43)
at java.lang.reflect.Method.invoke(Method.java:498)
at org.testng.internal.MethodInvocationHelper.invokeMethod(MethodInvocationHelper.java:124)
at org.testng.internal.Invoker.invokeMethod(Invoker.java:583)
at org.testng.internal.Invoker.invokeTestMethod(Invoker.java:719)
at org.testng.internal.Invoker.invokeTestMethods(Invoker.java:989)
at org.testng.internal.TestMethodWorker.invokeTestMethods(TestMethodWorker.java:125)
at org.testng.internal.TestMethodWorker.run(TestMethodWorker.java:109)
at org.testng.TestRunner.privateRun(TestRunner.java:648)
at org.testng.TestRunner.run(TestRunner.java:505)
at org.testng.SuiteRunner.runTest(SuiteRunner.java:455)
at org.testng.SuiteRunner.runSequentially(SuiteRunner.java:450)
at org.testng.SuiteRunner.privateRun(SuiteRunner.java:415)
at org.testng.SuiteRunner.run(SuiteRunner.java:364)
at org.testng.SuiteRunnerWorker.runSuite(SuiteRunnerWorker.java:52)
at org.testng.SuiteRunnerWorker.run(SuiteRunnerWorker.java:84)
at org.testng.TestNG.runSuitesSequentially(TestNG.java:1208)
at org.testng.TestNG.runSuitesLocally(TestNG.java:1137)
at org.testng.TestNG.runSuites(TestNG.java:1049)
at org.testng.TestNG.run(TestNG.java:1017)
at org.apache.maven.surefire.testng.TestNGExecutor.run(TestNGExecutor.java:115)
at org.apache.maven.surefire.testng.TestNGDirectoryTestSuite.executeMulti(TestNGDirectoryTestSuite.java:204)
at org.apache.maven.surefire.testng.TestNGDirectoryTestSuite.execute(TestNGDirectoryTestSuite.java:107)
at org.apache.maven.surefire.testng.TestNGProvider.invoke(TestNGProvider.java:112)
at org.apache.maven.surefire.booter.ForkedBooter.invokeProviderInSameClassLoader(ForkedBooter.java:200)
at org.apache.maven.surefire.booter.ForkedBooter.runSuitesInProcess(ForkedBooter.java:153)
at org.apache.maven.surefire.booter.ForkedBooter.main(ForkedBooter.java:103)
]]>
            </full-stacktrace>
          </exception> <!-- java.lang.AssertionError -->
          <reporter-output>
          </reporter-output>
        </test-method> <!-- test_SurName_Is_Firs_Simbol_Check -->
        <test-method status="PASS" signature="closeDriver()[pri:0, instance:am.instigatembile.com.TestSignUpPage@5fc7f7]" name="closeDriver" is-config="true" duration-ms="4478" started-at="2019-08-07T00:11:22Z" finished-at="2019-08-07T00:11:26Z">
          <reporter-output>
          </reporter-output>
        </test-method> <!-- closeDriver -->
      </class> <!-- am.instigatembile.com.TestSignUpPage -->
      <class name="am.instigatembile.com.TestSignInPage">
        <test-method status="PASS" signature="setup()[pri:0, instance:am.instigatembile.com.TestSignInPage@194a1b5]" name="setup" is-config="true" duration-ms="7471" started-at="2019-08-07T00:11:02Z" finished-at="2019-08-07T00:11:09Z">
          <reporter-output>
          </reporter-output>
        </test-method> <!-- setup -->
        <test-method status="PASS" signature="setup()[pri:0, instance:am.instigatembile.com.TestSignUpPage@5fc7f7]" name="setup" is-config="true" duration-ms="6839" started-at="2019-08-07T00:11:09Z" finished-at="2019-08-07T00:11:16Z">
          <reporter-output>
          </reporter-output>
        </test-method> <!-- setup -->
        <test-method status="PASS" signature="test_Home_Page_Appear_Correct()[pri:0, instance:am.instigatembile.com.TestSignInPage@194a1b5]" name="test_Home_Page_Appear_Correct" duration-ms="360" started-at="2019-08-07T00:11:16Z" finished-at="2019-08-07T00:11:17Z">
          <reporter-output>
          </reporter-output>
        </test-method> <!-- test_Home_Page_Appear_Correct -->
        <test-method status="PASS" signature="closeDriver()[pri:0, instance:am.instigatembile.com.TestSignInPage@194a1b5]" name="closeDriver" is-config="true" duration-ms="1" started-at="2019-08-07T00:11:26Z" finished-at="2019-08-07T00:11:26Z">
          <reporter-output>
          </reporter-output>
        </test-method> <!-- closeDriver -->
      </class> <!-- am.instigatembile.com.TestSignInPage -->
    </test> <!-- Surefire test -->
  </suite> <!-- Surefire suite -->
</testng-results>
