-------------------------------------------------------------------------------
Test set: com.instigate.app.ChatTest
-------------------------------------------------------------------------------
Tests run: 9, Failures: 3, Errors: 0, Skipped: 0, Time elapsed: 23.046 sec <<< FAILURE!
addEmptyPost(com.instigate.app.ChatTest)  Time elapsed: 0.971 sec  <<< FAILURE!
java.lang.AssertionError: expected [false] but found [true]
	at org.testng.Assert.fail(Assert.java:96)
	at org.testng.Assert.failNotEquals(Assert.java:776)
	at org.testng.Assert.assertFalse(Assert.java:65)
	at org.testng.Assert.assertFalse(Assert.java:75)
	at com.instigate.app.ChatTest.addEmptyPost(ChatTest.java:121)

sendEmptyMessageAndCheck(com.instigate.app.ChatTest)  Time elapsed: 1.576 sec  <<< FAILURE!
java.lang.AssertionError: expected [false] but found [true]
	at org.testng.Assert.fail(Assert.java:96)
	at org.testng.Assert.failNotEquals(Assert.java:776)
	at org.testng.Assert.assertFalse(Assert.java:65)
	at org.testng.Assert.assertFalse(Assert.java:75)
	at com.instigate.app.ChatTest.sendEmptyMessageAndCheck(ChatTest.java:98)

signInEmptyName(com.instigate.app.ChatTest)  Time elapsed: 0.417 sec  <<< FAILURE!
java.lang.AssertionError: expected [false] but found [true]
	at org.testng.Assert.fail(Assert.java:96)
	at org.testng.Assert.failNotEquals(Assert.java:776)
	at org.testng.Assert.assertFalse(Assert.java:65)
	at org.testng.Assert.assertFalse(Assert.java:75)
	at com.instigate.app.ChatTest.signInEmptyName(ChatTest.java:61)

