<?xml version="1.0" encoding="UTF-8"?>
<!-- Generated by org.testng.reporters.JUnitXMLReporter -->
<testsuite ignored="0" hostname="hunan-pc" failures="0" tests="6" name="Command line test" time="0.079" errors="0" timestamp="03 Aug 2019 21:10:39 GMT">
  <testcase classname="com.instigate.app.AppTest" name="@BeforeClass setUp" time="0.063">
    <failure type="java.lang.IllegalStateException" message="The driver executable does not exist: /home/hunan/Desktop/Maven/selenium-chat-test/src/main/resources/chromedriver">
      <![CDATA[java.lang.IllegalStateException: The driver executable does not exist: /home/hunan/Desktop/Maven/selenium-chat-test/src/main/resources/chromedriver
at com.google.common.base.Preconditions.checkState(Preconditions.java:585)
at org.openqa.selenium.remote.service.DriverService.checkExecutable(DriverService.java:137)
at org.openqa.selenium.remote.service.DriverService.findExecutable(DriverService.java:132)
at org.openqa.selenium.chrome.ChromeDriverService.access$000(ChromeDriverService.java:35)
at org.openqa.selenium.chrome.ChromeDriverService$Builder.findDefaultExecutable(ChromeDriverService.java:156)
at org.openqa.selenium.remote.service.DriverService$Builder.build(DriverService.java:346)
at org.openqa.selenium.chrome.ChromeDriverService.createDefaultService(ChromeDriverService.java:91)
at org.openqa.selenium.chrome.ChromeDriver.<init>(ChromeDriver.java:123)
at com.instigate.app.AppTest.setUp(AppTest.java:22)
... Removed 35 stack frames]]>
    </failure>
  </testcase> <!-- @BeforeClass setUp -->
  <testcase classname="com.instigate.app.AppTest" name="@BeforeGroups signInBefore" time="0.0">
    <skipped/>
  </testcase> <!-- @BeforeGroups signInBefore -->
  <testcase classname="com.instigate.app.AppTest" name="@AfterClass exit" time="0.0">
    <skipped/>
  </testcase> <!-- @AfterClass exit -->
  <testcase classname="com.instigate.app.AppTest" name="addUser" time="0.0">
    <skipped/>
  </testcase> <!-- addUser -->
  <testcase classname="com.instigate.app.AppTest" name="sendEmptyMessageNegativeTest" time="0.0">
    <skipped/>
  </testcase> <!-- sendEmptyMessageNegativeTest -->
  <testcase classname="com.instigate.app.AppTest" name="sendMessageNegativeTest" time="0.0">
    <skipped/>
  </testcase> <!-- sendMessageNegativeTest -->
  <testcase classname="com.instigate.app.AppTest" name="signInNegativeTest" time="0.0">
    <skipped/>
  </testcase> <!-- signInNegativeTest -->
  <testcase classname="com.instigate.app.AppTest" name="signInNegativeTsest" time="0.0">
    <skipped/>
  </testcase> <!-- signInNegativeTsest -->
  <testcase classname="com.instigate.app.AppTest" name="signInTest" time="0.0">
    <skipped/>
  </testcase> <!-- signInTest -->
</testsuite> <!-- Command line test -->
